<?xml version="1.0" encoding="UTF-8"?>
<!-- Generated by org.testng.reporters.JUnitXMLReporter -->
<testsuite ignored="0" hostname="LAPTOP-J21AMAMJ" failures="0" tests="4" name="Default test" time="0.045" errors="0" timestamp="2022-05-24T21:56:37 IST">
  <testcase classname="com.sellabs.wdprogram.TestingProg2" name="B" time="0.006"/>
  <testcase classname="com.sellabs.wdprogram.TestingProg2" name="D" time="0.001"/>
  <testcase classname="com.sellabs.wdprogram.TestingProg2" name="A" time="0.001"/>
  <testcase classname="com.sellabs.wdprogram.TestingProg2" name="C" time="0.001"/>
</testsuite> <!-- Default test -->
