<?xml version="1.0" encoding="UTF-8"?>
<!-- Generated by org.testng.reporters.JUnitXMLReporter -->
<testsuite ignored="0" hostname="LAPTOP-J21AMAMJ" failures="1" tests="8" name="MultipleTest" time="0.06" errors="0" timestamp="2022-05-24T21:17:07 IST">
  <testcase classname="com.sellabs.wdprogram.TestingProg" name="B" time="0.007">
    <failure type="java.lang.ArithmeticException" message="/ by zero">
      <![CDATA[java.lang.ArithmeticException: / by zero
at com.sellabs.wdprogram.TestingProg.B(TestingProg.java:17)
at java.base/java.util.ArrayList.forEach(ArrayList.java:1511)
... Removed 27 stack frames]]>
    </failure>
  </testcase> <!-- B -->
  <testcase classname="com.sellabs.wdprogram.TestingProg" name="D" time="0.0"/>
  <testcase classname="com.sellabs.wdprogram.TestingProg" name="A" time="0.0"/>
  <testcase classname="com.sellabs.wdprogram.TestingProg" name="C" time="0.0"/>
  <testcase classname="com.sellabs.wdprogram.TestingProg2" name="B" time="0.0"/>
  <testcase classname="com.sellabs.wdprogram.TestingProg2" name="D" time="0.001"/>
  <testcase classname="com.sellabs.wdprogram.TestingProg2" name="A" time="0.001"/>
  <testcase classname="com.sellabs.wdprogram.TestingProg2" name="C" time="0.001"/>
</testsuite> <!-- MultipleTest -->
