<?xml version="1.0" encoding="UTF-8"?>
<testng-results ignored="0" total="4" passed="4" failed="0" skipped="0">
  <reporter-output>
    <line>
      <![CDATA[10]]>
    </line>
  </reporter-output>
  <suite started-at="2022-05-24T21:56:37 IST" name="Default suite" finished-at="2022-05-24T21:56:37 IST" duration-ms="45">
    <groups>
    </groups>
    <test started-at="2022-05-24T21:56:37 IST" name="Default test" finished-at="2022-05-24T21:56:37 IST" duration-ms="45">
      <class name="com.sellabs.wdprogram.TestingProg2">
        <test-method signature="B()[pri:1, instance:com.sellabs.wdprogram.TestingProg2@4ef37659]" started-at="2022-05-24T21:56:37 IST" name="B" finished-at="2022-05-24T21:56:37 IST" duration-ms="6" status="PASS">
          <reporter-output>
            <line>
              <![CDATA[10]]>
            </line>
          </reporter-output>
        </test-method> <!-- B -->
        <test-method signature="D()[pri:2, instance:com.sellabs.wdprogram.TestingProg2@4ef37659]" started-at="2022-05-24T21:56:37 IST" name="D" finished-at="2022-05-24T21:56:37 IST" duration-ms="1" status="PASS">
          <reporter-output>
          </reporter-output>
        </test-method> <!-- D -->
        <test-method signature="A()[pri:3, instance:com.sellabs.wdprogram.TestingProg2@4ef37659]" started-at="2022-05-24T21:56:37 IST" name="A" finished-at="2022-05-24T21:56:37 IST" duration-ms="1" status="PASS">
          <reporter-output>
          </reporter-output>
        </test-method> <!-- A -->
        <test-method signature="C()[pri:4, instance:com.sellabs.wdprogram.TestingProg2@4ef37659]" started-at="2022-05-24T21:56:37 IST" name="C" finished-at="2022-05-24T21:56:37 IST" duration-ms="1" status="PASS">
          <reporter-output>
          </reporter-output>
        </test-method> <!-- C -->
      </class> <!-- com.sellabs.wdprogram.TestingProg2 -->
    </test> <!-- Default test -->
  </suite> <!-- Default suite -->
</testng-results>
